make all --print-data-base --no-builtin-variables --no-builtin-rules --question
# GNU Make 3.81
# Copyright (C) 2006  Free Software Foundation, Inc.
# This is free software; see the source for copying conditions.
# There is NO warranty; not even for MERCHANTABILITY or FITNESS FOR A
# PARTICULAR PURPOSE.

# This program built for i386-apple-darwin11.3.0
 
make: *** No rule to make target `src/networking/http_api.o', needed by `main'.  Stop.


# Make data base, printed on Wed Aug  3 11:48:04 2022

# Variables

# automatic
<D = $(patsubst %/,%,$(dir $<))
# environment
RUBY_VERSION = ruby-3.0.0
# automatic
?F = $(notdir $?)
# environment
ELECTRON_NO_ATTACH_CONSOLE = 1
# makefile (from `Makefile', line 21)
SRC := src
# environment
LC_CTYPE = UTF-8
# automatic
?D = $(patsubst %/,%,$(dir $?))
# environment
rvm_path = /Users/filippo/.rvm
# makefile (from `Makefile', line 48)
INCLUDES := -Iinclude
# automatic
@D = $(patsubst %/,%,$(dir $@))
# automatic
@F = $(notdir $@)
# makefile
CURDIR := /Users/filippo/Workspace/random_projects/blockchain-in-c
# makefile
SHELL = /bin/sh
# makefile (from `Makefile', line 43)
RM = rm -f
# environment
VSCODE_NLS_CONFIG = {"locale":"en-gb","availableLanguages":{},"_languagePackSupport":true}
# environment
_ = /usr/bin/make
# makefile (from `Makefile', line 10)
CFLAGS := -Wall -Wextra -g -lcrypto
# environment
VSCODE_PID = 2664
# makefile (from `Makefile', line 1)
MAKEFILE_LIST :=  Makefile
# makefile (from `Makefile', line 54)
SOURCES := src/main.c src/networking/http_api.c src/networking/server.c src/blockchain/block.c src/blockchain/blockchain.c
# environment
rvm_ruby_mode = 
# environment
rvm_ruby_make = 
# environment
__CFBundleIdentifier = com.microsoft.VSCode
# environment
rvm_proxy = 
# environment
VSCODE_CWD = /Users/filippo/Workspace/random_projects/blockchain-in-c
# environment
rvm_pretty_print_flag = 
# environment
PATH = /Users/filippo/.rvm/gems/ruby-3.0.0@gemset/bin:/Users/filippo/.rvm/gems/ruby-3.0.0@global/bin:/Users/filippo/.rvm/rubies/ruby-3.0.0/bin:/usr/local/anaconda3/condabin:/usr/local/opt/ruby/bin:/Library/Frameworks/Python.framework/Versions/3.9/bin:/Library/Frameworks/Python.framework/Versions/3.6/bin:/Library/Frameworks/Python.framework/Versions/2.7/bin:/Library/Frameworks/Python.framework/Versions/3.7/bin:/Library/Frameworks/Python.framework/Versions/3.8/bin:/usr/local/bin:/usr/bin:/bin:/usr/sbin:/sbin:/Applications/VMware Fusion.app/Contents/Public:/Library/TeX/texbin:/usr/local/share/dotnet:~/.dotnet/tools:/Library/Apple/usr/bin:/Library/Frameworks/Mono.framework/Versions/Current/Commands:/Users/filippo/Workspace/flutter/bin:/Users/filippo/Workspace/GithubRepos/aseprite/build/bin/:/usr/local/mysql/bin:/opt/subversion/bin:/usr/local/anaconda3/bin:/usr/bin/rails/bin:/Users/filippo/.rvm/bin
# makefile (from `Makefile', line 44)
MD := mkdir -p
# environment
LSCOLORS = Gxfxcxdxbxegedabagacad
# environment
rvm_niceness = 
# environment
SPACESHIP_VERSION = 3.13.2
# makefile (from `Makefile', line 41)
LIBDIRS := lib
# environment
rvm_only_path_flag = 
# environment
rvm_gemstone_package_file = 
# environment
ELECTRON_RUN_AS_NODE = 1
# environment
rvm_alias_expanded = 
# makefile (from `Makefile', line 27)
LIB := lib
# default
.FEATURES := target-specific order-only second-expansion else-if archives jobserver check-symlink
# environment
SSH_AUTH_SOCK = /private/tmp/com.apple.launchd.yt6bjIyaZi/Listeners
# automatic
%F = $(notdir $%)
# environment
CONDA_EXE = /usr/local/anaconda3/bin/conda
# environment
rvm_bin_path = /Users/filippo/.rvm/bin
# environment
PWD = /Users/filippo/Workspace/random_projects/blockchain-in-c
# makefile (from `Makefile', line 65)
OUTPUTMAIN := output/main
# environment
GEM_HOME = /Users/filippo/.rvm/gems/ruby-3.0.0@gemset
# environment
rvm_docs_type = 
# environment
ORIGINAL_XDG_CURRENT_DESKTOP = undefined
# environment
VSCODE_AMD_ENTRYPOINT = vs/workbench/api/node/extensionHostProcess
# environment
HOME = /Users/filippo
# default
MAKEFILEPATH := /Applications/Xcode.app/Contents/Developer/Makefiles
# environment
VSCODE_CLI = 1
# environment
VSCODE_CODE_CACHE_PATH = /Users/filippo/Library/Application Support/Code/CachedData/3b889b090b5ad5793f524b5d1d39fda662b96a2a
# environment
LOGNAME = filippo
# environment
APPLICATION_INSIGHTS_NO_DIAGNOSTIC_CHANNEL = true
# makefile (from `Makefile', line 40)
INCLUDEDIRS := include
# environment
ZSH = /Users/filippo/.oh-my-zsh
# environment
VSCODE_HANDLES_UNCAUGHT_ERRORS = true
# automatic
^D = $(patsubst %/,%,$(dir $^))
# environment
rvm_ruby_bits = 
# environment
GEM_PATH = /Users/filippo/.rvm/gems/ruby-3.0.0@gemset:/Users/filippo/.rvm/gems/ruby-3.0.0@global
# environment
XPC_FLAGS = 0x0
# environment
COLORTERM = truecolor
# environment
rvm_ruby_make_install = 
# default
MAKE = $(MAKE_COMMAND)
# environment
LC_TERMINAL = iTerm2
# environment
IRBRC = /Users/filippo/.rvm/rubies/ruby-3.0.0/.irbrc
# environment
SHLVL = 3
# environment
rvm_quiet_flag = 
# makefile (from `Makefile', line 42)
FIXPATH = $1
# makefile (from `Makefile', line 7)
CC = gcc
# environment
JAVA_HOME = /Library/Java/JavaVirtualMachines/jdk-17.0.1.jdk/Contents/Home
# default
MAKE_VERSION := 3.81
# environment
USER = filippo
# makefile
.DEFAULT_GOAL := all
# makefile (from `Makefile', line 24)
INCLUDE := include
# makefile (from `Makefile', line 39)
SOURCEDIRS := src src/networking src/blockchain
# default
MAKECMDGOALS := all
# environment
TERM_SESSION_ID = w0t0p0:20ABF7C9-4BB3-40B6-B429-D6F0795BB7DF
# environment
rvm_version = 1.29.12 (latest)
# environment
LESS = -R
# automatic
%D = $(patsubst %/,%,$(dir $%))
# makefile (from `Makefile', line 15)
LFLAGS = 
# environment
CONDA_SHLVL = 0
# default
MAKE_COMMAND := /Applications/Xcode.app/Contents/Developer/usr/bin/make
# environment
TERM_PROGRAM = iTerm.app
# default
.VARIABLES := 
# environment
TMPDIR = /var/folders/2y/fdr7qhhs7w7dkmj6f9ymd4sh0000gn/T/
# automatic
*F = $(notdir $*)
# environment
VSCODE_IPC_HOOK = /Users/filippo/Library/Application Support/Code/1.69.2-main.sock
# environment
MallocNanoZone = 0
# makefile
MAKEFLAGS = Rrqp
# environment
MFLAGS = -Rrqp
# automatic
*D = $(patsubst %/,%,$(dir $*))
# environment
TERM_PROGRAM_VERSION = 3.4.15
# environment
rvm_script_name = 
# makefile (from `Makefile', line 38)
MAIN := main
# environment
XPC_SERVICE_NAME = application.com.microsoft.VSCode.67575742.67575748.A2BD823A-469F-462D-A1AC-3591160FC0E8
# environment
LC_TERMINAL_VERSION = 3.4.15
# automatic
+D = $(patsubst %/,%,$(dir $+))
# automatic
+F = $(notdir $+)
# environment
ITERM_SESSION_ID = w0t0p0:20ABF7C9-4BB3-40B6-B429-D6F0795BB7DF
# environment
rvm_sdk = 
# environment
COLORFGBG = 15;0
# makefile (from `Makefile', line 18)
OUTPUT := output
# environment
__CF_USER_TEXT_ENCODING = 0x1F5:0x0:0x0
# environment
COMMAND_MODE = unix2003
# default
MAKEFILES := 
# automatic
<F = $(notdir $<)
# environment
ITERM_PROFILE = Default
# environment
rvm_silent_flag = 
# environment
rvm_gemstone_url = 
# environment
PAGER = less
# environment
LC_ALL = C
# environment
rvm_bin_flag = 
# environment
CONDA_PYTHON_EXE = /usr/local/anaconda3/bin/python
# makefile (from `Makefile', line 51)
LIBS := -Llib
# environment
SPACESHIP_ROOT = /Users/filippo/.oh-my-zsh/custom/themes/spaceship-prompt
# automatic
^F = $(notdir $^)
# environment
rvm_prefix = /Users/filippo
# default
SUFFIXES := 
# environment
_CE_M = 
# environment
rvm_ruby_file = 
# default
.INCLUDE_DIRS = /usr/local/include
# environment
MAKELEVEL := 0
# makefile (from `Makefile', line 57)
OBJECTS := src/main.o src/networking/http_api.o src/networking/server.o src/blockchain/block.o src/blockchain/blockchain.o
# environment
LANG = C
# environment
TERM = xterm-256color
# environment
rvm_use_flag = 
# environment
rvm_hook = 
# environment
MY_RUBY_HOME = /Users/filippo/.rvm/rubies/ruby-3.0.0
# environment
_CE_CONDA = 
# environment
rvm_nightly_flag = 
# variable set hash-table stats:
# Load=132/1024=13%, Rehash=0, Collisions=11/179=6%

# Pattern-specific Variable Values

# No pattern-specific variable values.

# Directories

# src/blockchain (device 16777222, inode 66198355): 10 files, no impossibilities.
# . (device 16777222, inode 66196830): 9 files, no impossibilities.
# src/networking (device 16777222, inode 66371890): 6 files, no impossibilities.
# src (device 16777222, inode 66196842): 7 files, no impossibilities.

# 32 files, no impossibilities in 4 directories.

# Implicit Rules

# No implicit rules.

# Files

all: output main
#  Command-line target.
#  Implicit rule search has not been done.
#  File does not exist.
#  File has not been updated.
# variable set hash-table stats:
 
# Load=0/32=0%, Rehash=0, Collisions=0/0=0%
#  commands to execute (from `Makefile', line 68):
	@echo Executing 'all' complete!
	

# Not a target:
src/blockchain/blockchain.o:
#  Implicit rule search has not been done.
#  Modification time never checked.
#  File has not been updated.

.PHONY: clean
#  Implicit rule search has not been done.
#  Modification time never checked.
#  File has not been updated.

# Not a target:
src/main.o:
#  Implicit rule search has been done.
#  Last modified 2022-06-27 18:59:32
#  File has been updated.
#  Successfully updated.
# variable set hash-table stats:
# Load=0/32=0%, Rehash=0, Collisions=0/0=0%

# Not a target:
src/networking/server.o:
#  Implicit rule search has not been done.
#  Modification time never checked.
#  File has not been updated.

# Not a target:
src/networking/http_api.o:
#  Implicit rule search has been done.
#  File does not exist.
#  File has not been updated.
# variable set hash-table stats:
# Load=0/32=0%, Rehash=0, Collisions=0/0=0%

# Not a target:
.SUFFIXES:
#  Implicit rule search has not been done.
#  Modification time never checked.
#  File has not been updated.

# Not a target:
Makefile:
#  Implicit rule search has been done.
#  Last modified 2022-06-25 11:18:21
#  File has been updated.
#  Successfully updated.
# variable set hash-table stats:
# Load=0/32=0%, Rehash=0, Collisions=0/0=0%

.c.o:
#  Implicit rule search has not been done.
#  Modification time never checked.
#  File has not been updated.
#  commands to execute (from `Makefile', line 81):
	$(CC) $(CFLAGS) $(INCLUDES) -c $<  -o $@
	

# Not a target:
.DEFAULT:
#  Implicit rule search has not been done.
#  Modification time never checked.
#  File has not been updated.

run: all
#  Implicit rule search has not been done.
#  Modification time never checked.
#  File has not been updated.
#  commands to execute (from `Makefile', line 90):
	./$(OUTPUTMAIN)
	@echo Executing 'run: all' complete!
	

clean:
#  Phony target (prerequisite of .PHONY).
#  Implicit rule search has not been done.
#  File does not exist.
#  File has not been updated.
#  commands to execute (from `Makefile', line 85):
	$(RM) $(OUTPUTMAIN)
	$(RM) $(call FIXPATH,$(OBJECTS))
	@echo Cleanup complete!
	

main: src/main.o src/networking/http_api.o src/networking/server.o src/blockchain/block.o src/blockchain/blockchain.o
#  Implicit rule search has not been done.
#  File does not exist.
#  File has not been updated.
# variable set hash-table stats:
# Load=0/32=0%, Rehash=0, Collisions=0/0=0%
#  commands to execute (from `Makefile', line 74):
	$(CC) $(CFLAGS) $(INCLUDES) -o $(OUTPUTMAIN) $(OBJECTS) $(LFLAGS) $(LIBS)
	

# Not a target:
src/blockchain/block.o:
#  Implicit rule search has not been done.
#  Modification time never checked.
#  File has not been updated.

output:
#  Implicit rule search has not been done.
#  Last modified 2022-06-27 18:59:32
#  File has been updated.
#  Successfully updated.
#  commands to execute (from `Makefile', line 71):
	$(MD) $(OUTPUT)
	

# files hash-table stats:
# Load=15/1024=1%, Rehash=0, Collisions=0/37=0%
# VPATH Search Paths

# No `vpath' search paths.

# No general (`VPATH' variable) search path.

# # of strings in strcache: 1
# # of strcache buffers: 1
# strcache size: total = 4096 / max = 4096 / min = 4096 / avg = 4096
# strcache free: total = 4087 / max = 4087 / min = 4087 / avg = 4087

# Finished Make data base on Wed Aug  3 11:48:04 2022

 
